<?xml version="1.0" encoding="UTF-8"?>
<testng-results skipped="0" failed="0" ignored="0" total="1" passed="1">
  <reporter-output>
  </reporter-output>
  <suite name="Suite" duration-ms="184686" started-at="2020-09-26T09:23:30Z" finished-at="2020-09-26T09:26:35Z">
    <groups>
    </groups>
    <test name="Test" duration-ms="184686" started-at="2020-09-26T09:23:30Z" finished-at="2020-09-26T09:26:35Z">
      <class name="com.ibm.stax.Tests.Login">
        <test-method status="PASS" signature="setup()[pri:0, instance:com.ibm.stax.Tests.Login@26be92ad]" name="setup" is-config="true" duration-ms="182970" started-at="2020-09-26T14:53:30Z" finished-at="2020-09-26T14:56:33Z">
          <reporter-output>
          </reporter-output>
        </test-method> <!-- setup -->
        <test-method status="PASS" signature="logintoapp()[pri:0, instance:com.ibm.stax.Tests.Login@26be92ad]" name="logintoapp" duration-ms="36" started-at="2020-09-26T14:56:33Z" finished-at="2020-09-26T14:56:33Z">
          <reporter-output>
          </reporter-output>
        </test-method> <!-- logintoapp -->
        <test-method status="PASS" signature="Teardown()[pri:0, instance:com.ibm.stax.Tests.Login@26be92ad]" name="Teardown" is-config="true" duration-ms="1625" started-at="2020-09-26T14:56:33Z" finished-at="2020-09-26T14:56:35Z">
          <reporter-output>
          </reporter-output>
        </test-method> <!-- Teardown -->
      </class> <!-- com.ibm.stax.Tests.Login -->
    </test> <!-- Test -->
  </suite> <!-- Suite -->
</testng-results>
