<?xml version="1.0" encoding="UTF-8"?>
<!-- Generated by org.testng.reporters.JUnitXMLReporter -->
<testsuite hostname="VAIBHAV-PC" ignored="0" name="IETest" tests="1" failures="0" timestamp="07 Oct 2020 19:47:16 GMT" time="0.024" errors="0">
  <testcase name="@BeforeClass setup" time="0.001" classname="com.ibm.stax.BusinessLogic.BaseTest">
    <failure type="java.lang.NullPointerException">
      <![CDATA[java.lang.NullPointerException
	at com.ibm.stax.BusinessLogic.BaseTest.setup(BaseTest.java:68)
	at java.util.concurrent.FutureTask.run(Unknown Source)
	at java.util.concurrent.ThreadPoolExecutor.runWorker(Unknown Source)
	at java.util.concurrent.ThreadPoolExecutor$Worker.run(Unknown Source)
	at java.lang.Thread.run(Unknown Source)
... Removed 16 stack frames]]>
    </failure>
  </testcase> <!-- @BeforeClass setup -->
  <testcase name="@AfterClass Teardown" time="0.0" classname="com.ibm.stax.BusinessLogic.BaseTest">
    <skipped/>
  </testcase> <!-- @AfterClass Teardown -->
  <testcase name="logintoapp" time="0.001" classname="com.ibm.stax.Tests.Login">
    <skipped/>
  </testcase> <!-- logintoapp -->
</testsuite> <!-- IETest -->
